actionid: py35
msg: getenv
cmdargs: [local('/Users/Laozhikun/USST/.tox/py35/bin/pip'), 'install', 'tornado', 'beautifulsoup4']
env: {'ITERM_SESSION_ID': 'w0t1p0', 'SHELL': '/bin/zsh', 'NODE_PATH': '/usr/local/lib/jsctags:${NODE_PATH}', 'PYENV_VERSION': '3.5.0', 'AUTOJUMP_DATA_DIR': '/Users/Laozhikun/.local/share/autojump', 'LESS': '-R', 'PYTHONHASHSEED': '3814575950', '__CF_USER_TEXT_ENCODING': '0x1F5:0x0:0x0', 'PYENV_VIRTUALENV_INIT': '1', 'TMPDIR': '/var/folders/43/m8bwr4xj65b4mf5vtrlj3gpw0000gn/T/', 'PATH': '/Users/Laozhikun/USST/.tox/py35/bin:/Users/Laozhikun/.pyenv/versions/3.5.0/bin:/Users/Laozhikun/.pyenv/libexec:/Users/Laozhikun/.pyenv/plugins/python-build/bin:/opt/local/share/java/apache-ant/bin:/Users/Laozhikun/Downloads/cocos2d-x-3.6/templates:/Users/Laozhikun/.pyenv/shims:/Users/Laozhikun/.pyenv/bin:/Users/Laozhikun/Downloads/cocos2d-x-3.0rc0/tools/cocos2d-console/bin:/opt/local/bin:/opt/local/sbin:/usr/bin:/bin:/usr/sbin:/sbin:/usr/local/bin:/opt/X11/bin:/Applications/Server.app/Contents/ServerRoot/usr/bin:/Applications/Server.app/Contents/ServerRoot/usr/sbin:/Users/Laozhikun/Qt5.1.1/5.1.1/clang_64/bin:/Library/Frameworks/Python.framework/Versions/2.7/bin:/Library/Frameworks/Python.framework/Versions/2.7/bin:/Users/Laozhikun/.pyenv/shims:/Users/Laozhikun/.pyenv/bin:/Users/Laozhikun/Downloads/cocos2d-x-3.6/tools/cocos2d-console/bin:/opt/local/bin:/opt/local/sbin:/usr/local/share/python:/usr/local/share/python/bin:/usr/local/share/python/sbin:/usr/local/share/npm/bin:/Users/Laozhikun/.cask/bin:/Users/Laozhikun/.cabal/bin:/usr/local/bin:/usr/bin:/usr/local/opt/pyenv/shims:/usr/local/opt/pyenv/bin:/Users/Laozhikun/.dnx/runtimes/dnx-mono.1.0.0-beta4/bin:/opt/local/share/java/apache-ant/bin:/Users/Laozhikun/Downloads/cocos2d-x-3.6/templates:/Users/Laozhikun/.pyenv/shims:/Users/Laozhikun/.pyenv/bin:/Users/Laozhikun/Downloads/cocos2d-x-3.0rc0/tools/cocos2d-console/bin:/opt/local/bin:/opt/local/sbin:/usr/bin:/bin:/usr/sbin:/sbin:/usr/local/bin:/opt/X11/bin:/Applications/Server.app/Contents/ServerRoot/usr/bin:/Applications/Server.app/Contents/ServerRoot/usr/sbin:/Users/Laozhikun/Qt5.1.1/5.1.1/clang_64/bin:/Library/Frameworks/Python.framework/Versions/2.7/bin:/Library/Frameworks/Python.framework/Versions/2.7/bin:/Users/Laozhikun/.pyenv/shims:/Users/Laozhikun/.pyenv/bin:/Users/Laozhikun/Downloads/cocos2d-x-3.6/tools/cocos2d-console/bin:/opt/local/bin:/opt/local/sbin:/usr/local/share/python:/usr/local/share/python/bin:/usr/local/share/python/sbin:/usr/local/share/npm/bin:/Users/Laozhikun/.cask/bin:/Users/Laozhikun/.cabal/bin:/usr/local/bin:/usr/bin:/usr/local/opt/pyenv/shims:/usr/local/opt/pyenv/bin:/opt/local/share/java/apache-ant/bin:/Users/Laozhikun/Downloads/cocos2d-x-3.6/templates:/Users/Laozhikun/.pyenv/shims:/Users/Laozhikun/.pyenv/bin:/Users/Laozhikun/Downloads/cocos2d-x-3.0rc0/tools/cocos2d-console/bin:/opt/local/bin:/opt/local/sbin:/usr/bin:/bin:/usr/sbin:/sbin:/usr/local/bin:/opt/X11/bin:/Applications/Server.app/Contents/ServerRoot/usr/bin:/Applications/Server.app/Contents/ServerRoot/usr/sbin:/Users/Laozhikun/Qt5.1.1/5.1.1/clang_64/bin:/Library/Frameworks/Python.framework/Versions/2.7/bin:/Library/Frameworks/Python.framework/Versions/2.7/bin:/Users/Laozhikun/.pyenv/shims:/Users/Laozhikun/.pyenv/bin:/Users/Laozhikun/Downloads/cocos2d-x-3.6/tools/cocos2d-console/bin:/opt/local/bin:/opt/local/sbin:/usr/local/share/python:/usr/local/share/python/bin:/usr/local/share/python/sbin:/usr/local/share/npm/bin:/Users/Laozhikun/.cask/bin:/Users/Laozhikun/.cabal/bin:/usr/local/bin:/usr/bin:/usr/local/opt/pyenv/shims:/usr/local/opt/pyenv/bin:/usr/local/bin:/usr/local/sbin:/usr/bin:/bin:/usr/sbin:/sbin:/opt/X11/bin:/Applications/Server.app/Contents/ServerRoot/usr/bin:/Applications/Server.app/Contents/ServerRoot/usr/sbin:/Developer/Tools/Panda3D:/Library/TeX/texbin:/Users/Laozhikun/workspace/golang/bin:/Users/Laozhikun/Qt5.1.1/5.1.1/clang_64/bin:/Library/Python/2.7/site-packages::/Users/Laozhikun/workspace/golang/bin:/Users/Laozhikun/Qt5.1.1/5.1.1/clang_64/bin:/Library/Python/2.7/site-packages::/Users/Laozhikun/workspace/golang/bin:/Users/Laozhikun/Qt5.1.1/5.1.1/clang_64/bin:/Library/Python/2.7/site-packages:', 'Apple_PubSub_Socket_Render': '/private/tmp/com.apple.launchd.oq6CCAWzLe/Render', 'PYENV_DIR': '/Users/Laozhikun/USST', 'LANG': 'zh_CN.UTF-8', 'VIRTUALENVWRAPPER_HOOK_DIR': '/Users/Laozhikun/.virtualenvs', 'XPC_SERVICE_NAME': '0', 'PYENV_SHELL': 'zsh', 'ZSH_TMUX_TERM': 'screen-256color', 'VIRTUAL_ENV': '/Users/Laozhikun/USST/.tox/py35', 'GOPATH': '/Users/Laozhikun/workspace/golang', 'PAGER': 'less', 'LOGNAME': 'Laozhikun', 'COMMAND_MODE': 'unix2003', 'LC_CTYPE': 'UTF-8', 'SSH_AUTH_SOCK': '/private/tmp/com.apple.launchd.4sZlOvGsPu/Listeners', 'PWD': '/Users/Laozhikun/USST', 'VIRTUALENVWRAPPER_WORKON_CD': '1', '_ZSH_TMUX_FIXED_CONFIG': '/Users/Laozhikun/.oh-my-zsh/plugins/tmux/tmux.extra.conf', 'LC_ALL': 'zh_CN.UTF-8', 'SHLVL': '3', 'PYENV_HOOK_PATH': ':/Users/Laozhikun/.pyenv/pyenv.d:/usr/local/etc/pyenv.d:/etc/pyenv.d:/usr/lib/pyenv/hooks', 'ANT_ROOT': '/opt/local/share/java/apache-ant/bin', 'HOME': '/Users/Laozhikun', 'USER': 'Laozhikun', 'SECURITYSESSIONID': '186a8', 'DISPLAY': '/private/tmp/com.apple.launchd.bK7me1WILZ/org.macosforge.xquartz:0', 'ITERM_PROFILE': 'Default', 'VIRTUALENVWRAPPER_PROJECT_FILENAME': '.project', 'LSCOLORS': 'Gxfxcxdxbxegedabagacad', 'PYENV_ROOT': '/Users/Laozhikun/.pyenv', 'COCOS_TEMPLATES_ROOT': '/Users/Laozhikun/Downloads/cocos2d-x-3.6/templates', 'EDITOR': 'nano', 'COCOS_CONSOLE_ROOT': '/Users/Laozhikun/Downloads/cocos2d-x-3.6/tools/cocos2d-console/bin', 'TERM': 'xterm-256color', 'GOROOT': '/usr/local/Cellar/go/1.1.1', 'VISUAL': 'nano', 'XPC_FLAGS': '0x0', 'MONO_MANAGED_WATCHER': 'disabled', 'WORKON_HOME': '/Users/Laozhikun/.virtualenvs', 'VIRTUALENVWRAPPER_SCRIPT': '/usr/local/bin/virtualenvwrapper.sh', 'TERM_PROGRAM': 'iTerm.app', 'BROWSER': 'open'}

Collecting tornado
  Downloading tornado-4.3.tar.gz (450kB)
Collecting beautifulsoup4
  Downloading beautifulsoup4-4.4.1-py3-none-any.whl (81kB)
Building wheels for collected packages: tornado
  Running setup.py bdist_wheel for tornado
  Complete output from command /Users/Laozhikun/USST/.tox/py35/bin/python3.5 -c "import setuptools;__file__='/private/var/folders/43/m8bwr4xj65b4mf5vtrlj3gpw0000gn/T/pip-build-cas_4fz7/tornado/setup.py';exec(compile(open(__file__).read().replace('\r\n', '\n'), __file__, 'exec'))" bdist_wheel -d /var/folders/43/m8bwr4xj65b4mf5vtrlj3gpw0000gn/T/tmpfp40yb_opip-wheel-:
  running bdist_wheel
  running build
  running build_py
  creating build
  creating build/lib.macosx-10.11-x86_64-3.5
  creating build/lib.macosx-10.11-x86_64-3.5/tornado
  copying tornado/__init__.py -> build/lib.macosx-10.11-x86_64-3.5/tornado
  copying tornado/_locale_data.py -> build/lib.macosx-10.11-x86_64-3.5/tornado
  copying tornado/auth.py -> build/lib.macosx-10.11-x86_64-3.5/tornado
  copying tornado/autoreload.py -> build/lib.macosx-10.11-x86_64-3.5/tornado
  copying tornado/concurrent.py -> build/lib.macosx-10.11-x86_64-3.5/tornado
  copying tornado/curl_httpclient.py -> build/lib.macosx-10.11-x86_64-3.5/tornado
  copying tornado/escape.py -> build/lib.macosx-10.11-x86_64-3.5/tornado
  copying tornado/gen.py -> build/lib.macosx-10.11-x86_64-3.5/tornado
  copying tornado/http1connection.py -> build/lib.macosx-10.11-x86_64-3.5/tornado
  copying tornado/httpclient.py -> build/lib.macosx-10.11-x86_64-3.5/tornado
  copying tornado/httpserver.py -> build/lib.macosx-10.11-x86_64-3.5/tornado
  copying tornado/httputil.py -> build/lib.macosx-10.11-x86_64-3.5/tornado
  copying tornado/ioloop.py -> build/lib.macosx-10.11-x86_64-3.5/tornado
  copying tornado/iostream.py -> build/lib.macosx-10.11-x86_64-3.5/tornado
  copying tornado/locale.py -> build/lib.macosx-10.11-x86_64-3.5/tornado
  copying tornado/locks.py -> build/lib.macosx-10.11-x86_64-3.5/tornado
  copying tornado/log.py -> build/lib.macosx-10.11-x86_64-3.5/tornado
  copying tornado/netutil.py -> build/lib.macosx-10.11-x86_64-3.5/tornado
  copying tornado/options.py -> build/lib.macosx-10.11-x86_64-3.5/tornado
  copying tornado/process.py -> build/lib.macosx-10.11-x86_64-3.5/tornado
  copying tornado/queues.py -> build/lib.macosx-10.11-x86_64-3.5/tornado
  copying tornado/simple_httpclient.py -> build/lib.macosx-10.11-x86_64-3.5/tornado
  copying tornado/stack_context.py -> build/lib.macosx-10.11-x86_64-3.5/tornado
  copying tornado/tcpclient.py -> build/lib.macosx-10.11-x86_64-3.5/tornado
  copying tornado/tcpserver.py -> build/lib.macosx-10.11-x86_64-3.5/tornado
  copying tornado/template.py -> build/lib.macosx-10.11-x86_64-3.5/tornado
  copying tornado/testing.py -> build/lib.macosx-10.11-x86_64-3.5/tornado
  copying tornado/util.py -> build/lib.macosx-10.11-x86_64-3.5/tornado
  copying tornado/web.py -> build/lib.macosx-10.11-x86_64-3.5/tornado
  copying tornado/websocket.py -> build/lib.macosx-10.11-x86_64-3.5/tornado
  copying tornado/wsgi.py -> build/lib.macosx-10.11-x86_64-3.5/tornado
  creating build/lib.macosx-10.11-x86_64-3.5/tornado/test
  copying tornado/test/__init__.py -> build/lib.macosx-10.11-x86_64-3.5/tornado/test
  copying tornado/test/__main__.py -> build/lib.macosx-10.11-x86_64-3.5/tornado/test
  copying tornado/test/asyncio_test.py -> build/lib.macosx-10.11-x86_64-3.5/tornado/test
  copying tornado/test/auth_test.py -> build/lib.macosx-10.11-x86_64-3.5/tornado/test
  copying tornado/test/concurrent_test.py -> build/lib.macosx-10.11-x86_64-3.5/tornado/test
  copying tornado/test/curl_httpclient_test.py -> build/lib.macosx-10.11-x86_64-3.5/tornado/test
  copying tornado/test/escape_test.py -> build/lib.macosx-10.11-x86_64-3.5/tornado/test
  copying tornado/test/gen_test.py -> build/lib.macosx-10.11-x86_64-3.5/tornado/test
  copying tornado/test/httpclient_test.py -> build/lib.macosx-10.11-x86_64-3.5/tornado/test
  copying tornado/test/httpserver_test.py -> build/lib.macosx-10.11-x86_64-3.5/tornado/test
  copying tornado/test/httputil_test.py -> build/lib.macosx-10.11-x86_64-3.5/tornado/test
  copying tornado/test/import_test.py -> build/lib.macosx-10.11-x86_64-3.5/tornado/test
  copying tornado/test/ioloop_test.py -> build/lib.macosx-10.11-x86_64-3.5/tornado/test
  copying tornado/test/iostream_test.py -> build/lib.macosx-10.11-x86_64-3.5/tornado/test
  copying tornado/test/locale_test.py -> build/lib.macosx-10.11-x86_64-3.5/tornado/test
  copying tornado/test/locks_test.py -> build/lib.macosx-10.11-x86_64-3.5/tornado/test
  copying tornado/test/log_test.py -> build/lib.macosx-10.11-x86_64-3.5/tornado/test
  copying tornado/test/netutil_test.py -> build/lib.macosx-10.11-x86_64-3.5/tornado/test
  copying tornado/test/options_test.py -> build/lib.macosx-10.11-x86_64-3.5/tornado/test
  copying tornado/test/process_test.py -> build/lib.macosx-10.11-x86_64-3.5/tornado/test
  copying tornado/test/queues_test.py -> build/lib.macosx-10.11-x86_64-3.5/tornado/test
  copying tornado/test/resolve_test_helper.py -> build/lib.macosx-10.11-x86_64-3.5/tornado/test
  copying tornado/test/runtests.py -> build/lib.macosx-10.11-x86_64-3.5/tornado/test
  copying tornado/test/simple_httpclient_test.py -> build/lib.macosx-10.11-x86_64-3.5/tornado/test
  copying tornado/test/stack_context_test.py -> build/lib.macosx-10.11-x86_64-3.5/tornado/test
  copying tornado/test/tcpclient_test.py -> build/lib.macosx-10.11-x86_64-3.5/tornado/test
  copying tornado/test/tcpserver_test.py -> build/lib.macosx-10.11-x86_64-3.5/tornado/test
  copying tornado/test/template_test.py -> build/lib.macosx-10.11-x86_64-3.5/tornado/test
  copying tornado/test/testing_test.py -> build/lib.macosx-10.11-x86_64-3.5/tornado/test
  copying tornado/test/twisted_test.py -> build/lib.macosx-10.11-x86_64-3.5/tornado/test
  copying tornado/test/util.py -> build/lib.macosx-10.11-x86_64-3.5/tornado/test
  copying tornado/test/util_test.py -> build/lib.macosx-10.11-x86_64-3.5/tornado/test
  copying tornado/test/web_test.py -> build/lib.macosx-10.11-x86_64-3.5/tornado/test
  copying tornado/test/websocket_test.py -> build/lib.macosx-10.11-x86_64-3.5/tornado/test
  copying tornado/test/wsgi_test.py -> build/lib.macosx-10.11-x86_64-3.5/tornado/test
  creating build/lib.macosx-10.11-x86_64-3.5/tornado/platform
  copying tornado/platform/__init__.py -> build/lib.macosx-10.11-x86_64-3.5/tornado/platform
  copying tornado/platform/asyncio.py -> build/lib.macosx-10.11-x86_64-3.5/tornado/platform
  copying tornado/platform/auto.py -> build/lib.macosx-10.11-x86_64-3.5/tornado/platform
  copying tornado/platform/caresresolver.py -> build/lib.macosx-10.11-x86_64-3.5/tornado/platform
  copying tornado/platform/common.py -> build/lib.macosx-10.11-x86_64-3.5/tornado/platform
  copying tornado/platform/epoll.py -> build/lib.macosx-10.11-x86_64-3.5/tornado/platform
  copying tornado/platform/interface.py -> build/lib.macosx-10.11-x86_64-3.5/tornado/platform
  copying tornado/platform/kqueue.py -> build/lib.macosx-10.11-x86_64-3.5/tornado/platform
  copying tornado/platform/posix.py -> build/lib.macosx-10.11-x86_64-3.5/tornado/platform
  copying tornado/platform/select.py -> build/lib.macosx-10.11-x86_64-3.5/tornado/platform
  copying tornado/platform/twisted.py -> build/lib.macosx-10.11-x86_64-3.5/tornado/platform
  copying tornado/platform/windows.py -> build/lib.macosx-10.11-x86_64-3.5/tornado/platform
  creating build/lib.macosx-10.11-x86_64-3.5/tornado/test/csv_translations
  copying tornado/test/csv_translations/fr_FR.csv -> build/lib.macosx-10.11-x86_64-3.5/tornado/test/csv_translations
  creating build/lib.macosx-10.11-x86_64-3.5/tornado/test/gettext_translations
  creating build/lib.macosx-10.11-x86_64-3.5/tornado/test/gettext_translations/fr_FR
  creating build/lib.macosx-10.11-x86_64-3.5/tornado/test/gettext_translations/fr_FR/LC_MESSAGES
  copying tornado/test/gettext_translations/fr_FR/LC_MESSAGES/tornado_test.mo -> build/lib.macosx-10.11-x86_64-3.5/tornado/test/gettext_translations/fr_FR/LC_MESSAGES
  copying tornado/test/gettext_translations/fr_FR/LC_MESSAGES/tornado_test.po -> build/lib.macosx-10.11-x86_64-3.5/tornado/test/gettext_translations/fr_FR/LC_MESSAGES
  copying tornado/test/options_test.cfg -> build/lib.macosx-10.11-x86_64-3.5/tornado/test
  creating build/lib.macosx-10.11-x86_64-3.5/tornado/test/static
  copying tornado/test/static/robots.txt -> build/lib.macosx-10.11-x86_64-3.5/tornado/test/static
  copying tornado/test/static/sample.xml -> build/lib.macosx-10.11-x86_64-3.5/tornado/test/static
  copying tornado/test/static/sample.xml.gz -> build/lib.macosx-10.11-x86_64-3.5/tornado/test/static
  copying tornado/test/static/sample.xml.bz2 -> build/lib.macosx-10.11-x86_64-3.5/tornado/test/static
  creating build/lib.macosx-10.11-x86_64-3.5/tornado/test/static/dir
  copying tornado/test/static/dir/index.html -> build/lib.macosx-10.11-x86_64-3.5/tornado/test/static/dir
  copying tornado/test/static_foo.txt -> build/lib.macosx-10.11-x86_64-3.5/tornado/test
  creating build/lib.macosx-10.11-x86_64-3.5/tornado/test/templates
  copying tornado/test/templates/utf8.html -> build/lib.macosx-10.11-x86_64-3.5/tornado/test/templates
  copying tornado/test/test.crt -> build/lib.macosx-10.11-x86_64-3.5/tornado/test
  copying tornado/test/test.key -> build/lib.macosx-10.11-x86_64-3.5/tornado/test
  running build_ext
  building 'tornado.speedups' extension
  creating build/temp.macosx-10.11-x86_64-3.5
  creating build/temp.macosx-10.11-x86_64-3.5/tornado
  clang -Wno-unused-result -Wsign-compare -Wunreachable-code -DNDEBUG -g -fwrapv -O3 -Wall -Wstrict-prototypes -I/Users/Laozhikun/.pyenv/versions/3.5.0/include/python3.5m -c tornado/speedups.c -o build/temp.macosx-10.11-x86_64-3.5/tornado/speedups.o
  clang -bundle -undefined dynamic_lookup -L/usr/local/opt/readline/lib -L/usr/local/opt/readline/lib -L/usr/local/opt/openssl/lib -L/Users/Laozhikun/.pyenv/versions/3.5.0/lib build/temp.macosx-10.11-x86_64-3.5/tornado/speedups.o -o build/lib.macosx-10.11-x86_64-3.5/tornado/speedups.cpython-35m-darwin.so
  installing to build/bdist.macosx-10.11-x86_64/wheel
  running install
  running install_lib
  creating build/bdist.macosx-10.11-x86_64
  creating build/bdist.macosx-10.11-x86_64/wheel
  creating build/bdist.macosx-10.11-x86_64/wheel/tornado
  copying build/lib.macosx-10.11-x86_64-3.5/tornado/__init__.py -> build/bdist.macosx-10.11-x86_64/wheel/tornado
  copying build/lib.macosx-10.11-x86_64-3.5/tornado/_locale_data.py -> build/bdist.macosx-10.11-x86_64/wheel/tornado
  copying build/lib.macosx-10.11-x86_64-3.5/tornado/auth.py -> build/bdist.macosx-10.11-x86_64/wheel/tornado
  copying build/lib.macosx-10.11-x86_64-3.5/tornado/autoreload.py -> build/bdist.macosx-10.11-x86_64/wheel/tornado
  copying build/lib.macosx-10.11-x86_64-3.5/tornado/concurrent.py -> build/bdist.macosx-10.11-x86_64/wheel/tornado
  copying build/lib.macosx-10.11-x86_64-3.5/tornado/curl_httpclient.py -> build/bdist.macosx-10.11-x86_64/wheel/tornado
  copying build/lib.macosx-10.11-x86_64-3.5/tornado/escape.py -> build/bdist.macosx-10.11-x86_64/wheel/tornado
  copying build/lib.macosx-10.11-x86_64-3.5/tornado/gen.py -> build/bdist.macosx-10.11-x86_64/wheel/tornado
  copying build/lib.macosx-10.11-x86_64-3.5/tornado/http1connection.py -> build/bdist.macosx-10.11-x86_64/wheel/tornado
  copying build/lib.macosx-10.11-x86_64-3.5/tornado/httpclient.py -> build/bdist.macosx-10.11-x86_64/wheel/tornado
  copying build/lib.macosx-10.11-x86_64-3.5/tornado/httpserver.py -> build/bdist.macosx-10.11-x86_64/wheel/tornado
  copying build/lib.macosx-10.11-x86_64-3.5/tornado/httputil.py -> build/bdist.macosx-10.11-x86_64/wheel/tornado
  copying build/lib.macosx-10.11-x86_64-3.5/tornado/ioloop.py -> build/bdist.macosx-10.11-x86_64/wheel/tornado
  copying build/lib.macosx-10.11-x86_64-3.5/tornado/iostream.py -> build/bdist.macosx-10.11-x86_64/wheel/tornado
  copying build/lib.macosx-10.11-x86_64-3.5/tornado/locale.py -> build/bdist.macosx-10.11-x86_64/wheel/tornado
  copying build/lib.macosx-10.11-x86_64-3.5/tornado/locks.py -> build/bdist.macosx-10.11-x86_64/wheel/tornado
  copying build/lib.macosx-10.11-x86_64-3.5/tornado/log.py -> build/bdist.macosx-10.11-x86_64/wheel/tornado
  copying build/lib.macosx-10.11-x86_64-3.5/tornado/netutil.py -> build/bdist.macosx-10.11-x86_64/wheel/tornado
  copying build/lib.macosx-10.11-x86_64-3.5/tornado/options.py -> build/bdist.macosx-10.11-x86_64/wheel/tornado
  creating build/bdist.macosx-10.11-x86_64/wheel/tornado/platform
  copying build/lib.macosx-10.11-x86_64-3.5/tornado/platform/__init__.py -> build/bdist.macosx-10.11-x86_64/wheel/tornado/platform
  copying build/lib.macosx-10.11-x86_64-3.5/tornado/platform/asyncio.py -> build/bdist.macosx-10.11-x86_64/wheel/tornado/platform
  copying build/lib.macosx-10.11-x86_64-3.5/tornado/platform/auto.py -> build/bdist.macosx-10.11-x86_64/wheel/tornado/platform
  copying build/lib.macosx-10.11-x86_64-3.5/tornado/platform/caresresolver.py -> build/bdist.macosx-10.11-x86_64/wheel/tornado/platform
  copying build/lib.macosx-10.11-x86_64-3.5/tornado/platform/common.py -> build/bdist.macosx-10.11-x86_64/wheel/tornado/platform
  copying build/lib.macosx-10.11-x86_64-3.5/tornado/platform/epoll.py -> build/bdist.macosx-10.11-x86_64/wheel/tornado/platform
  copying build/lib.macosx-10.11-x86_64-3.5/tornado/platform/interface.py -> build/bdist.macosx-10.11-x86_64/wheel/tornado/platform
  copying build/lib.macosx-10.11-x86_64-3.5/tornado/platform/kqueue.py -> build/bdist.macosx-10.11-x86_64/wheel/tornado/platform
  copying build/lib.macosx-10.11-x86_64-3.5/tornado/platform/posix.py -> build/bdist.macosx-10.11-x86_64/wheel/tornado/platform
  copying build/lib.macosx-10.11-x86_64-3.5/tornado/platform/select.py -> build/bdist.macosx-10.11-x86_64/wheel/tornado/platform
  copying build/lib.macosx-10.11-x86_64-3.5/tornado/platform/twisted.py -> build/bdist.macosx-10.11-x86_64/wheel/tornado/platform
  copying build/lib.macosx-10.11-x86_64-3.5/tornado/platform/windows.py -> build/bdist.macosx-10.11-x86_64/wheel/tornado/platform
  copying build/lib.macosx-10.11-x86_64-3.5/tornado/process.py -> build/bdist.macosx-10.11-x86_64/wheel/tornado
  copying build/lib.macosx-10.11-x86_64-3.5/tornado/queues.py -> build/bdist.macosx-10.11-x86_64/wheel/tornado
  copying build/lib.macosx-10.11-x86_64-3.5/tornado/simple_httpclient.py -> build/bdist.macosx-10.11-x86_64/wheel/tornado
  copying build/lib.macosx-10.11-x86_64-3.5/tornado/speedups.cpython-35m-darwin.so -> build/bdist.macosx-10.11-x86_64/wheel/tornado
  copying build/lib.macosx-10.11-x86_64-3.5/tornado/stack_context.py -> build/bdist.macosx-10.11-x86_64/wheel/tornado
  copying build/lib.macosx-10.11-x86_64-3.5/tornado/tcpclient.py -> build/bdist.macosx-10.11-x86_64/wheel/tornado
  copying build/lib.macosx-10.11-x86_64-3.5/tornado/tcpserver.py -> build/bdist.macosx-10.11-x86_64/wheel/tornado
  copying build/lib.macosx-10.11-x86_64-3.5/tornado/template.py -> build/bdist.macosx-10.11-x86_64/wheel/tornado
  creating build/bdist.macosx-10.11-x86_64/wheel/tornado/test
  copying build/lib.macosx-10.11-x86_64-3.5/tornado/test/__init__.py -> build/bdist.macosx-10.11-x86_64/wheel/tornado/test
  copying build/lib.macosx-10.11-x86_64-3.5/tornado/test/__main__.py -> build/bdist.macosx-10.11-x86_64/wheel/tornado/test
  copying build/lib.macosx-10.11-x86_64-3.5/tornado/test/asyncio_test.py -> build/bdist.macosx-10.11-x86_64/wheel/tornado/test
  copying build/lib.macosx-10.11-x86_64-3.5/tornado/test/auth_test.py -> build/bdist.macosx-10.11-x86_64/wheel/tornado/test
  copying build/lib.macosx-10.11-x86_64-3.5/tornado/test/concurrent_test.py -> build/bdist.macosx-10.11-x86_64/wheel/tornado/test
  creating build/bdist.macosx-10.11-x86_64/wheel/tornado/test/csv_translations
  copying build/lib.macosx-10.11-x86_64-3.5/tornado/test/csv_translations/fr_FR.csv -> build/bdist.macosx-10.11-x86_64/wheel/tornado/test/csv_translations
  copying build/lib.macosx-10.11-x86_64-3.5/tornado/test/curl_httpclient_test.py -> build/bdist.macosx-10.11-x86_64/wheel/tornado/test
  copying build/lib.macosx-10.11-x86_64-3.5/tornado/test/escape_test.py -> build/bdist.macosx-10.11-x86_64/wheel/tornado/test
  copying build/lib.macosx-10.11-x86_64-3.5/tornado/test/gen_test.py -> build/bdist.macosx-10.11-x86_64/wheel/tornado/test
  creating build/bdist.macosx-10.11-x86_64/wheel/tornado/test/gettext_translations
  creating build/bdist.macosx-10.11-x86_64/wheel/tornado/test/gettext_translations/fr_FR
  creating build/bdist.macosx-10.11-x86_64/wheel/tornado/test/gettext_translations/fr_FR/LC_MESSAGES
  copying build/lib.macosx-10.11-x86_64-3.5/tornado/test/gettext_translations/fr_FR/LC_MESSAGES/tornado_test.mo -> build/bdist.macosx-10.11-x86_64/wheel/tornado/test/gettext_translations/fr_FR/LC_MESSAGES
  copying build/lib.macosx-10.11-x86_64-3.5/tornado/test/gettext_translations/fr_FR/LC_MESSAGES/tornado_test.po -> build/bdist.macosx-10.11-x86_64/wheel/tornado/test/gettext_translations/fr_FR/LC_MESSAGES
  copying build/lib.macosx-10.11-x86_64-3.5/tornado/test/httpclient_test.py -> build/bdist.macosx-10.11-x86_64/wheel/tornado/test
  copying build/lib.macosx-10.11-x86_64-3.5/tornado/test/httpserver_test.py -> build/bdist.macosx-10.11-x86_64/wheel/tornado/test
  copying build/lib.macosx-10.11-x86_64-3.5/tornado/test/httputil_test.py -> build/bdist.macosx-10.11-x86_64/wheel/tornado/test
  copying build/lib.macosx-10.11-x86_64-3.5/tornado/test/import_test.py -> build/bdist.macosx-10.11-x86_64/wheel/tornado/test
  copying build/lib.macosx-10.11-x86_64-3.5/tornado/test/ioloop_test.py -> build/bdist.macosx-10.11-x86_64/wheel/tornado/test
  copying build/lib.macosx-10.11-x86_64-3.5/tornado/test/iostream_test.py -> build/bdist.macosx-10.11-x86_64/wheel/tornado/test
  copying build/lib.macosx-10.11-x86_64-3.5/tornado/test/locale_test.py -> build/bdist.macosx-10.11-x86_64/wheel/tornado/test
  copying build/lib.macosx-10.11-x86_64-3.5/tornado/test/locks_test.py -> build/bdist.macosx-10.11-x86_64/wheel/tornado/test
  copying build/lib.macosx-10.11-x86_64-3.5/tornado/test/log_test.py -> build/bdist.macosx-10.11-x86_64/wheel/tornado/test
  copying build/lib.macosx-10.11-x86_64-3.5/tornado/test/netutil_test.py -> build/bdist.macosx-10.11-x86_64/wheel/tornado/test
  copying build/lib.macosx-10.11-x86_64-3.5/tornado/test/options_test.cfg -> build/bdist.macosx-10.11-x86_64/wheel/tornado/test
  copying build/lib.macosx-10.11-x86_64-3.5/tornado/test/options_test.py -> build/bdist.macosx-10.11-x86_64/wheel/tornado/test
  copying build/lib.macosx-10.11-x86_64-3.5/tornado/test/process_test.py -> build/bdist.macosx-10.11-x86_64/wheel/tornado/test
  copying build/lib.macosx-10.11-x86_64-3.5/tornado/test/queues_test.py -> build/bdist.macosx-10.11-x86_64/wheel/tornado/test
  copying build/lib.macosx-10.11-x86_64-3.5/tornado/test/resolve_test_helper.py -> build/bdist.macosx-10.11-x86_64/wheel/tornado/test
  copying build/lib.macosx-10.11-x86_64-3.5/tornado/test/runtests.py -> build/bdist.macosx-10.11-x86_64/wheel/tornado/test
  copying build/lib.macosx-10.11-x86_64-3.5/tornado/test/simple_httpclient_test.py -> build/bdist.macosx-10.11-x86_64/wheel/tornado/test
  copying build/lib.macosx-10.11-x86_64-3.5/tornado/test/stack_context_test.py -> build/bdist.macosx-10.11-x86_64/wheel/tornado/test
  creating build/bdist.macosx-10.11-x86_64/wheel/tornado/test/static
  creating build/bdist.macosx-10.11-x86_64/wheel/tornado/test/static/dir
  copying build/lib.macosx-10.11-x86_64-3.5/tornado/test/static/dir/index.html -> build/bdist.macosx-10.11-x86_64/wheel/tornado/test/static/dir
  copying build/lib.macosx-10.11-x86_64-3.5/tornado/test/static/robots.txt -> build/bdist.macosx-10.11-x86_64/wheel/tornado/test/static
  copying build/lib.macosx-10.11-x86_64-3.5/tornado/test/static/sample.xml -> build/bdist.macosx-10.11-x86_64/wheel/tornado/test/static
  copying build/lib.macosx-10.11-x86_64-3.5/tornado/test/static/sample.xml.bz2 -> build/bdist.macosx-10.11-x86_64/wheel/tornado/test/static
  copying build/lib.macosx-10.11-x86_64-3.5/tornado/test/static/sample.xml.gz -> build/bdist.macosx-10.11-x86_64/wheel/tornado/test/static
  copying build/lib.macosx-10.11-x86_64-3.5/tornado/test/static_foo.txt -> build/bdist.macosx-10.11-x86_64/wheel/tornado/test
  copying build/lib.macosx-10.11-x86_64-3.5/tornado/test/tcpclient_test.py -> build/bdist.macosx-10.11-x86_64/wheel/tornado/test
  copying build/lib.macosx-10.11-x86_64-3.5/tornado/test/tcpserver_test.py -> build/bdist.macosx-10.11-x86_64/wheel/tornado/test
  copying build/lib.macosx-10.11-x86_64-3.5/tornado/test/template_test.py -> build/bdist.macosx-10.11-x86_64/wheel/tornado/test
  creating build/bdist.macosx-10.11-x86_64/wheel/tornado/test/templates
  copying build/lib.macosx-10.11-x86_64-3.5/tornado/test/templates/utf8.html -> build/bdist.macosx-10.11-x86_64/wheel/tornado/test/templates
  copying build/lib.macosx-10.11-x86_64-3.5/tornado/test/test.crt -> build/bdist.macosx-10.11-x86_64/wheel/tornado/test
  copying build/lib.macosx-10.11-x86_64-3.5/tornado/test/test.key -> build/bdist.macosx-10.11-x86_64/wheel/tornado/test
  copying build/lib.macosx-10.11-x86_64-3.5/tornado/test/testing_test.py -> build/bdist.macosx-10.11-x86_64/wheel/tornado/test
  copying build/lib.macosx-10.11-x86_64-3.5/tornado/test/twisted_test.py -> build/bdist.macosx-10.11-x86_64/wheel/tornado/test
  copying build/lib.macosx-10.11-x86_64-3.5/tornado/test/util.py -> build/bdist.macosx-10.11-x86_64/wheel/tornado/test
  copying build/lib.macosx-10.11-x86_64-3.5/tornado/test/util_test.py -> build/bdist.macosx-10.11-x86_64/wheel/tornado/test
  copying build/lib.macosx-10.11-x86_64-3.5/tornado/test/web_test.py -> build/bdist.macosx-10.11-x86_64/wheel/tornado/test
  copying build/lib.macosx-10.11-x86_64-3.5/tornado/test/websocket_test.py -> build/bdist.macosx-10.11-x86_64/wheel/tornado/test
  copying build/lib.macosx-10.11-x86_64-3.5/tornado/test/wsgi_test.py -> build/bdist.macosx-10.11-x86_64/wheel/tornado/test
  copying build/lib.macosx-10.11-x86_64-3.5/tornado/testing.py -> build/bdist.macosx-10.11-x86_64/wheel/tornado
  copying build/lib.macosx-10.11-x86_64-3.5/tornado/util.py -> build/bdist.macosx-10.11-x86_64/wheel/tornado
  copying build/lib.macosx-10.11-x86_64-3.5/tornado/web.py -> build/bdist.macosx-10.11-x86_64/wheel/tornado
  copying build/lib.macosx-10.11-x86_64-3.5/tornado/websocket.py -> build/bdist.macosx-10.11-x86_64/wheel/tornado
  copying build/lib.macosx-10.11-x86_64-3.5/tornado/wsgi.py -> build/bdist.macosx-10.11-x86_64/wheel/tornado
  running install_egg_info
  running egg_info
  writing dependency_links to tornado.egg-info/dependency_links.txt
  writing tornado.egg-info/PKG-INFO
  writing top-level names to tornado.egg-info/top_level.txt
  warning: manifest_maker: standard file '-c' not found
  
  reading manifest file 'tornado.egg-info/SOURCES.txt'
  reading manifest template 'MANIFEST.in'
  no previously-included directories found matching 'docs/build'
  warning: no files found matching 'tornado/test/README'
  writing manifest file 'tornado.egg-info/SOURCES.txt'
  Copying tornado.egg-info to build/bdist.macosx-10.11-x86_64/wheel/tornado-4.3-py3.5.egg-info
  running install_scripts
  Traceback (most recent call last):
    File "<string>", line 1, in <module>
    File "/private/var/folders/43/m8bwr4xj65b4mf5vtrlj3gpw0000gn/T/pip-build-cas_4fz7/tornado/setup.py", line 182, in <module>
      **kwargs
    File "/Users/Laozhikun/.pyenv/versions/3.5.0/lib/python3.5/distutils/core.py", line 148, in setup
      dist.run_commands()
    File "/Users/Laozhikun/.pyenv/versions/3.5.0/lib/python3.5/distutils/dist.py", line 955, in run_commands
      self.run_command(cmd)
    File "/Users/Laozhikun/.pyenv/versions/3.5.0/lib/python3.5/distutils/dist.py", line 974, in run_command
      cmd_obj.run()
    File "/Users/Laozhikun/USST/.tox/py35/lib/python3.5/site-packages/wheel/bdist_wheel.py", line 213, in run
      archive_basename = self.get_archive_basename()
    File "/Users/Laozhikun/USST/.tox/py35/lib/python3.5/site-packages/wheel/bdist_wheel.py", line 161, in get_archive_basename
      impl_tag, abi_tag, plat_tag = self.get_tag()
    File "/Users/Laozhikun/USST/.tox/py35/lib/python3.5/site-packages/wheel/bdist_wheel.py", line 155, in get_tag
      assert tag == supported_tags[0]
  AssertionError
  
  ----------------------------------------
  Failed building wheel for tornado
Failed to build tornado
Installing collected packages: tornado, beautifulsoup4
  Running setup.py install for tornado
Successfully installed beautifulsoup4-4.4.1 tornado-4.3
